c:\users\fko2347036\desktop\tashiro\seihouproject\heihouproject\x64\debug\vc143.pdb
c:\users\fko2347036\desktop\tashiro\seihouproject\heihouproject\x64\debug\vc143.idb
c:\users\fko2347036\desktop\tashiro\seihouproject\heihouproject\x64\debug\pad.obj
c:\users\fko2347036\desktop\tashiro\seihouproject\heihouproject\x64\debug\scenemanager.obj
c:\users\fko2347036\desktop\tashiro\seihouproject\heihouproject\x64\debug\gamescene.obj
c:\users\fko2347036\desktop\tashiro\seihouproject\heihouproject\x64\debug\scene.obj
c:\users\fko2347036\desktop\tashiro\seihouproject\heihouproject\x64\debug\main.obj
c:\users\fko2347036\desktop\tashiro\seihouproject\heihouproject\x64\debug\application.obj
c:\users\fko2347036\desktop\tashiro\seihouproject\heihouproject\x64\debug\shotbase.obj
c:\users\fko2347036\desktop\tashiro\seihouproject\heihouproject\x64\debug\player.obj
c:\users\fko2347036\desktop\tashiro\seihouproject\heihouproject\x64\debug\bg.obj
c:\users\fko2347036\desktop\tashiro\seihouproject\heihouproject\x64\debug\enemybase.obj
c:\users\fko2347036\desktop\tashiro\seihouproject\heihouproject\x64\debug\heihouproject.exe
c:\users\fko2347036\desktop\tashiro\seihouproject\heihouproject\x64\debug\heihouproject.ilk
c:\users\fko2347036\desktop\tashiro\seihouproject\heihouproject\x64\debug\heihouproject.pdb
c:\users\fko2347036\desktop\tashiro\seihouproject\heihouproject\x64\debug\heihouproject.tlog\cl.command.1.tlog
c:\users\fko2347036\desktop\tashiro\seihouproject\heihouproject\x64\debug\heihouproject.tlog\cl.read.1.tlog
c:\users\fko2347036\desktop\tashiro\seihouproject\heihouproject\x64\debug\heihouproject.tlog\cl.write.1.tlog
c:\users\fko2347036\desktop\tashiro\seihouproject\heihouproject\x64\debug\heihouproject.tlog\link.command.1.tlog
c:\users\fko2347036\desktop\tashiro\seihouproject\heihouproject\x64\debug\heihouproject.tlog\link.read.1.tlog
c:\users\fko2347036\desktop\tashiro\seihouproject\heihouproject\x64\debug\heihouproject.tlog\link.write.1.tlog
